<?xml version="1.0" encoding="UTF-8"?>
<!-- Generated by org.testng.reporters.JUnitXMLReporter -->
<testsuite ignored="0" hostname="CSCO-W-PF3J6ZBF" failures="2" tests="4" name="Test" time="14.698" errors="0" timestamp="2023-01-25T12:44:12 GMT-05:00">
  <testcase classname="io.cucumber.testng.AbstractTestNGCucumberTests" name="runScenario" time="11.608"/>
  <testcase classname="io.cucumber.testng.AbstractTestNGCucumberTests" name="runScenario" time="2.695"/>
  <testcase classname="io.cucumber.testng.AbstractTestNGCucumberTests" name="runScenario" time="0.031">
    <failure type="java.lang.NullPointerException" message="Cannot invoke &amp;quot;org.openqa.selenium.WebDriver.findElement(org.openqa.selenium.By)&amp;quot; because &amp;quot;com.dish.Dish.driver&amp;quot; is null">
      <![CDATA[java.lang.NullPointerException: Cannot invoke "org.openqa.selenium.WebDriver.findElement(org.openqa.selenium.By)" because "com.dish.Dish.driver" is null
at com.dish.Dish.i_click_on_the_search_button(Dish.java:16)
at ✽.I click on the search Button(file:///C:/Users/hjyoti/eclipse-workspace/SwiggyProject/Features/b_dish.feature:25)
]]>
    </failure>
  </testcase> <!-- runScenario -->
  <testcase classname="io.cucumber.testng.AbstractTestNGCucumberTests" name="runScenario" time="0.008">
    <failure type="java.lang.NullPointerException" message="Cannot invoke &amp;quot;org.openqa.selenium.WebDriver.findElement(org.openqa.selenium.By)&amp;quot; because &amp;quot;com.dish.Dish.driver&amp;quot; is null">
      <![CDATA[java.lang.NullPointerException: Cannot invoke "org.openqa.selenium.WebDriver.findElement(org.openqa.selenium.By)" because "com.dish.Dish.driver" is null
at com.dish.Dish.i_click_on_the_add_button(Dish.java:35)
at ✽.I click on the ADD Button(file:///C:/Users/hjyoti/eclipse-workspace/SwiggyProject/Features/b_dish.feature:31)
]]>
    </failure>
  </testcase> <!-- runScenario -->
</testsuite> <!-- Test -->
