<?xml version="1.0" encoding="UTF-8"?>
<testsuite xmlns:xsi="http://www.w3.org/2001/XMLSchema-instance" xsi:noNamespaceSchemaLocation="https://maven.apache.org/surefire/maven-surefire-plugin/xsd/surefire-test-report-3.0.xsd" version="3.0" name="TestSuite" time="112.75" tests="6" errors="0" skipped="0" failures="2">
  <properties>
[...]
</properties>
  <testcase name="runScenario[&quot;Enter the Location&quot;, &quot;Location&quot;](1)" classname="com.testRunner.TestNG" time="11.392">
    <failure message="no such window: target window already closed&#10;from unknown error: web view not found&#10;  (Session info: MicrosoftEdge=109.0.1518.61)&#10;Build info: version: &apos;4.7.2&apos;, revision: &apos;4d4020c3b7&apos;&#10;System info: os.name: &apos;Windows 10&apos;, os.arch: &apos;amd64&apos;, os.version: &apos;10.0&apos;, java.version: &apos;11.0.16.1&apos;&#10;Driver info: org.openqa.selenium.edge.EdgeDriver&#10;Command: [1dc602e741e3722bd220cf26892d3eae, maximizeCurrentWindow {}]&#10;Capabilities {acceptInsecureCerts: false, browserName: msedge, browserVersion: 109.0.1518.61, ms:edgeOptions: {debuggerAddress: localhost:53988}, msedge: {msedgedriverVersion: 109.0.1518.61 (354b36f96bab..., userDataDir: C:\Users\hjyoti\AppData\Loc...}, networkConnectionEnabled: false, pageLoadStrategy: normal, platformName: WINDOWS, proxy: Proxy(), se:cdp: ws://localhost:53988/devtoo..., se:cdpVersion: 109.0.1518.61, setWindowRect: true, strictFileInteractability: false, timeouts: {implicit: 0, pageLoad: 300000, script: 30000}, unhandledPromptBehavior: dismiss and notify, webauthn:extension:credBlob: true, webauthn:extension:largeBlob: true, webauthn:virtualAuthenticators: true}&#10;Session ID: 1dc602e741e3722bd220cf26892d3eae" type="org.openqa.selenium.NoSuchWindowException"><![CDATA[org.openqa.selenium.NoSuchWindowException: 
no such window: target window already closed
from unknown error: web view not found
  (Session info: MicrosoftEdge=109.0.1518.61)
Build info: version: '4.7.2', revision: '4d4020c3b7'
System info: os.name: 'Windows 10', os.arch: 'amd64', os.version: '10.0', java.version: '11.0.16.1'
Driver info: org.openqa.selenium.edge.EdgeDriver
Command: [1dc602e741e3722bd220cf26892d3eae, maximizeCurrentWindow {}]
Capabilities {acceptInsecureCerts: false, browserName: msedge, browserVersion: 109.0.1518.61, ms:edgeOptions: {debuggerAddress: localhost:53988}, msedge: {msedgedriverVersion: 109.0.1518.61 (354b36f96bab..., userDataDir: C:\Users\hjyoti\AppData\Loc...}, networkConnectionEnabled: false, pageLoadStrategy: normal, platformName: WINDOWS, proxy: Proxy(), se:cdp: ws://localhost:53988/devtoo..., se:cdpVersion: 109.0.1518.61, setWindowRect: true, strictFileInteractability: false, timeouts: {implicit: 0, pageLoad: 300000, script: 30000}, unhandledPromptBehavior: dismiss and notify, webauthn:extension:credBlob: true, webauthn:extension:largeBlob: true, webauthn:virtualAuthenticators: true}
Session ID: 1dc602e741e3722bd220cf26892d3eae
	at java.base/jdk.internal.reflect.NativeConstructorAccessorImpl.newInstance0(Native Method)
	at java.base/jdk.internal.reflect.NativeConstructorAccessorImpl.newInstance(NativeConstructorAccessorImpl.java:62)
	at java.base/jdk.internal.reflect.DelegatingConstructorAccessorImpl.newInstance(DelegatingConstructorAccessorImpl.java:45)
	at java.base/java.lang.reflect.Constructor.newInstance(Constructor.java:490)
	at org.openqa.selenium.remote.codec.w3c.W3CHttpResponseCodec.createException(W3CHttpResponseCodec.java:200)
	at org.openqa.selenium.remote.codec.w3c.W3CHttpResponseCodec.decode(W3CHttpResponseCodec.java:133)
	at org.openqa.selenium.remote.codec.w3c.W3CHttpResponseCodec.decode(W3CHttpResponseCodec.java:53)
	at org.openqa.selenium.remote.HttpCommandExecutor.execute(HttpCommandExecutor.java:184)
	at org.openqa.selenium.remote.service.DriverCommandExecutor.invokeExecute(DriverCommandExecutor.java:167)
	at org.openqa.selenium.remote.service.DriverCommandExecutor.execute(DriverCommandExecutor.java:142)
	at org.openqa.selenium.remote.RemoteWebDriver.execute(RemoteWebDriver.java:535)
	at org.openqa.selenium.remote.RemoteWebDriver.execute(RemoteWebDriver.java:590)
	at org.openqa.selenium.remote.RemoteWebDriver.execute(RemoteWebDriver.java:594)
	at org.openqa.selenium.remote.RemoteWebDriver$RemoteWebDriverOptions$RemoteWindow.maximize(RemoteWebDriver.java:946)
	at homePage.HomePage.home(HomePage.java:15)
	at stepDefinition.Location.i_am_on_the_home_page_of_swiggy_application(Location.java:21)
	at ✽.I am on the home page of Swiggy application(file:///C:/Users/hjyoti/eclipse-workspace/SwiggyProject/Features/a_location.feature:26)
]]></failure>
    <system-err><![CDATA[SLF4J: Failed to load class "org.slf4j.impl.StaticLoggerBinder".
SLF4J: Defaulting to no-operation (NOP) logger implementation
SLF4J: See http://www.slf4j.org/codes.html#StaticLoggerBinder for further details.
ERROR StatusLogger Log4j2 could not find a logging implementation. Please add log4j-core to the classpath. Using SimpleLogger to log to the console...
Starting Microsoft Edge WebDriver 109.0.1518.61 (354b36f96babfabf4b1ee8754f550d1b74ae0d14) on port 45922
To submit feedback, report a bug, or suggest new features, please visit https://github.com/MicrosoftEdge/EdgeWebDriver

Only local connections are allowed.
Please see https://aka.ms/WebDriverSecurity for suggestions on keeping Microsoft Edge WebDriver safe.

Microsoft Edge WebDriver was started successfully.
Jan 26, 2023 5:23:46 PM org.openqa.selenium.devtools.CdpVersionFinder findNearestMatch
WARNING: Unable to find an exact match for CDP version 109, so returning the closest version found: 108
]]></system-err>
  </testcase>
  <testcase name="runScenario[&quot;Update the Location&quot;, &quot;Location&quot;](2)" classname="com.testRunner.TestNG" time="12.631">
    <system-out><![CDATA[i_send_location_in_string_format
i_will_select_the_exact_location_button
]]></system-out>
    <system-err><![CDATA[Starting Microsoft Edge WebDriver 109.0.1518.61 (354b36f96babfabf4b1ee8754f550d1b74ae0d14) on port 48128
To submit feedback, report a bug, or suggest new features, please visit https://github.com/MicrosoftEdge/EdgeWebDriver

Only local connections are allowed.
Please see https://aka.ms/WebDriverSecurity for suggestions on keeping Microsoft Edge WebDriver safe.

Microsoft Edge WebDriver was started successfully.
Jan 26, 2023 5:23:55 PM org.openqa.selenium.devtools.CdpVersionFinder findNearestMatch
WARNING: Unable to find an exact match for CDP version 109, so returning the closest version found: 108
]]></system-err>
  </testcase>
  <testcase name="runScenario[&quot;Search for food&quot;, &quot;dish&quot;](3)" classname="com.testRunner.TestNG" time="29.02">
    <system-out><![CDATA[i_click_on_the_search_button
I_will_get_the_food_items_name
101
Chicken Biryani
Chicken Boneless Biryani
Thalappakatti Chicken Biryani
Paneer Biryani
Mutton Donne Biryani
Chicken Boneless Biryani
Hyderabadi Chicken Biryani
Chicken Rara Biryani
Guntur Chicken Biryani
Chicken Biryani
Boneless Chicken Biryani
Chicken 65 Biryani
Paneer Biryani
Boneless Chicken Biryani (serves-2)
Biryani Rice [Non-Veg]
Paneer Biryani (serves-2)
Anda ki Biryani
Paneer Dum Biryani
Boneless Chicken Biryani (1kg)
Chicken Ipl Biryani
Pepper Chicken Biryani
Mutton Biryani
Boneless Special Chicken Biryani(served With Raita, Gravy)
Boneless Special Chicken Biryani(served With Raita, Gravy)
Chicken Dum Biryani
Paneer Biryani
Chicken Biryani
Chicken Biryani
Donne Chicken Biryani
Veg Tawa Biryani
Boneless Chicken Biryani
Veg Biryani
Supreme Boneless Chicken Biryani
Murgh Makhani Biryani
Paneer Biryani
Boneless Chicken Biryani
Chicken Biryani
Chicken Dum Biryani
Paneer Biryani
Chicken Biryani
Paneer Makhani Biryani
Chicken Tawa Biryani
Chicken Biryani Combo
Veg Biryani
Erachi Biryani
Malabar Chicken Biryani
Chicken 65 Biryani
Chicken 65 Biryani
Malabar Chicken Biryani
Chicken Boneless Biryani
Malabar Chicken Biryani
Paneer Biryani
Chicken Biryani
Special Hyderabad Chicken Biryani
Chicken Biryani Family Pack
Malabar Chicken Biryani
Beef Biryani
Donne Chicken Biryani
Chicken Biryani
Chicken Dum Biryani
Malabar Chicken Biryani
Beef Biryani
Special Hyderabad Mutton Biryani
Chicken Biryani
Thalappakatti Special Mutton Biryani [boneless]
Egg Biryani
Chicken Biryani
Chicken Donne Biryani
Mutton Biryani
Chicken Tikka Biryani
Egg Biryani
Chicken Biryani
Mutton Biryani
Chicken Biryani
Nikkah Biryani
Chicken Biryani
Chicken Donne Biryani
Chicken Biryani
Chicken Biryani
Chicken Biryani Shaadi Ki Biryani
Biryani Rice
Egg Biryani
Andhra Chicken Biryani
Chicken Biryani
Mini Malabar Chicken Biryani
Egg Biryani
Donne Biryani Rice
Executive Biryani Combo
Erachi Biryani (buffalo)
Chicken Biryani
Spl Plain Biryani Rice
Egg Biryani
Biryani Rice
Pothi Biryani Chicken
Malabar Egg Biryani
Biryani Rice
Erachi Biryani
Paneer Biryani
Mutton Biryani
Special Chicken Biryani
Donne Biryani
Chicken Biryani
Chicken Boneless Biryani
Thalappakatti Chicken Biryani
Paneer Biryani
Mutton Donne Biryani
Chicken Boneless Biryani
Hyderabadi Chicken Biryani
price
I_will_get_the_food_items_price
]]></system-out>
    <system-err><![CDATA[Starting Microsoft Edge WebDriver 109.0.1518.61 (354b36f96babfabf4b1ee8754f550d1b74ae0d14) on port 8481
To submit feedback, report a bug, or suggest new features, please visit https://github.com/MicrosoftEdge/EdgeWebDriver

Only local connections are allowed.
Please see https://aka.ms/WebDriverSecurity for suggestions on keeping Microsoft Edge WebDriver safe.

Microsoft Edge WebDriver was started successfully.
Jan 26, 2023 5:24:07 PM org.openqa.selenium.devtools.CdpVersionFinder findNearestMatch
WARNING: Unable to find an exact match for CDP version 109, so returning the closest version found: 108
]]></system-err>
  </testcase>
  <testcase name="runScenario[&quot;Add the food to the cart&quot;, &quot;dish&quot;](4)" classname="com.testRunner.TestNG" time="28.655">
    <system-out><![CDATA[Added to cart
]]></system-out>
    <system-err><![CDATA[Starting Microsoft Edge WebDriver 109.0.1518.61 (354b36f96babfabf4b1ee8754f550d1b74ae0d14) on port 29858
To submit feedback, report a bug, or suggest new features, please visit https://github.com/MicrosoftEdge/EdgeWebDriver

Only local connections are allowed.
Please see https://aka.ms/WebDriverSecurity for suggestions on keeping Microsoft Edge WebDriver safe.

Microsoft Edge WebDriver was started successfully.
Jan 26, 2023 5:24:36 PM org.openqa.selenium.devtools.CdpVersionFinder findNearestMatch
WARNING: Unable to find an exact match for CDP version 109, so returning the closest version found: 108
]]></system-err>
  </testcase>
  <testcase name="runScenario[&quot;Delete the item in the cart&quot;, &quot;Delete and Update the cart&quot;](5)" classname="com.testRunner.TestNG" time="19.395">
    <failure message="no such window: target window already closed&#10;from unknown error: web view not found&#10;  (Session info: MicrosoftEdge=109.0.1518.61)&#10;Build info: version: &apos;4.7.2&apos;, revision: &apos;4d4020c3b7&apos;&#10;System info: os.name: &apos;Windows 10&apos;, os.arch: &apos;amd64&apos;, os.version: &apos;10.0&apos;, java.version: &apos;11.0.16.1&apos;&#10;Driver info: org.openqa.selenium.edge.EdgeDriver&#10;Command: [98b5743094cb0d054e2e64f7d27afdda, findElements {using=xpath, value=//label[@class=&quot;b5XpK&quot;]//span[@class=&quot;_1X1xw&quot;]}]&#10;Capabilities {acceptInsecureCerts: false, browserName: msedge, browserVersion: 109.0.1518.61, ms:edgeOptions: {debuggerAddress: localhost:54224}, msedge: {msedgedriverVersion: 109.0.1518.61 (354b36f96bab..., userDataDir: C:\Users\hjyoti\AppData\Loc...}, networkConnectionEnabled: false, pageLoadStrategy: normal, platformName: WINDOWS, proxy: Proxy(), se:cdp: ws://localhost:54224/devtoo..., se:cdpVersion: 109.0.1518.61, setWindowRect: true, strictFileInteractability: false, timeouts: {implicit: 0, pageLoad: 300000, script: 30000}, unhandledPromptBehavior: dismiss and notify, webauthn:extension:credBlob: true, webauthn:extension:largeBlob: true, webauthn:virtualAuthenticators: true}&#10;Session ID: 98b5743094cb0d054e2e64f7d27afdda" type="org.openqa.selenium.NoSuchWindowException"><![CDATA[org.openqa.selenium.NoSuchWindowException: 
no such window: target window already closed
from unknown error: web view not found
  (Session info: MicrosoftEdge=109.0.1518.61)
Build info: version: '4.7.2', revision: '4d4020c3b7'
System info: os.name: 'Windows 10', os.arch: 'amd64', os.version: '10.0', java.version: '11.0.16.1'
Driver info: org.openqa.selenium.edge.EdgeDriver
Command: [98b5743094cb0d054e2e64f7d27afdda, findElements {using=xpath, value=//label[@class="b5XpK"]//span[@class="_1X1xw"]}]
Capabilities {acceptInsecureCerts: false, browserName: msedge, browserVersion: 109.0.1518.61, ms:edgeOptions: {debuggerAddress: localhost:54224}, msedge: {msedgedriverVersion: 109.0.1518.61 (354b36f96bab..., userDataDir: C:\Users\hjyoti\AppData\Loc...}, networkConnectionEnabled: false, pageLoadStrategy: normal, platformName: WINDOWS, proxy: Proxy(), se:cdp: ws://localhost:54224/devtoo..., se:cdpVersion: 109.0.1518.61, setWindowRect: true, strictFileInteractability: false, timeouts: {implicit: 0, pageLoad: 300000, script: 30000}, unhandledPromptBehavior: dismiss and notify, webauthn:extension:credBlob: true, webauthn:extension:largeBlob: true, webauthn:virtualAuthenticators: true}
Session ID: 98b5743094cb0d054e2e64f7d27afdda
	at java.base/jdk.internal.reflect.NativeConstructorAccessorImpl.newInstance0(Native Method)
	at java.base/jdk.internal.reflect.NativeConstructorAccessorImpl.newInstance(NativeConstructorAccessorImpl.java:62)
	at java.base/jdk.internal.reflect.DelegatingConstructorAccessorImpl.newInstance(DelegatingConstructorAccessorImpl.java:45)
	at java.base/java.lang.reflect.Constructor.newInstance(Constructor.java:490)
	at org.openqa.selenium.remote.codec.w3c.W3CHttpResponseCodec.createException(W3CHttpResponseCodec.java:200)
	at org.openqa.selenium.remote.codec.w3c.W3CHttpResponseCodec.decode(W3CHttpResponseCodec.java:133)
	at org.openqa.selenium.remote.codec.w3c.W3CHttpResponseCodec.decode(W3CHttpResponseCodec.java:53)
	at org.openqa.selenium.remote.HttpCommandExecutor.execute(HttpCommandExecutor.java:184)
	at org.openqa.selenium.remote.service.DriverCommandExecutor.invokeExecute(DriverCommandExecutor.java:167)
	at org.openqa.selenium.remote.service.DriverCommandExecutor.execute(DriverCommandExecutor.java:142)
	at org.openqa.selenium.remote.RemoteWebDriver.execute(RemoteWebDriver.java:535)
	at org.openqa.selenium.remote.ElementLocation$ElementFinder$2.findElements(ElementLocation.java:179)
	at org.openqa.selenium.remote.ElementLocation.findElements(ElementLocation.java:102)
	at org.openqa.selenium.remote.RemoteWebDriver.findElements(RemoteWebDriver.java:366)
	at org.openqa.selenium.remote.RemoteWebDriver.findElements(RemoteWebDriver.java:358)
	at homePage.HomePage.AddToCart(HomePage.java:91)
	at stepDefinition.Cart.delete_the_cart(Cart.java:32)
	at ✽.Delete the cart(file:///C:/Users/hjyoti/eclipse-workspace/SwiggyProject/Features/c_cart.feature:28)
]]></failure>
    <system-out><![CDATA[i_want_to_click_on_cart
Added to cart
]]></system-out>
    <system-err><![CDATA[Starting Microsoft Edge WebDriver 109.0.1518.61 (354b36f96babfabf4b1ee8754f550d1b74ae0d14) on port 40818
To submit feedback, report a bug, or suggest new features, please visit https://github.com/MicrosoftEdge/EdgeWebDriver

Only local connections are allowed.
Please see https://aka.ms/WebDriverSecurity for suggestions on keeping Microsoft Edge WebDriver safe.

Microsoft Edge WebDriver was started successfully.
Jan 26, 2023 5:25:04 PM org.openqa.selenium.devtools.CdpVersionFinder findNearestMatch
WARNING: Unable to find an exact match for CDP version 109, so returning the closest version found: 108
]]></system-err>
  </testcase>
  <testcase name="runScenario[&quot;Update the item in the cart&quot;, &quot;Delete and Update the cart&quot;](6)" classname="com.testRunner.TestNG" time="9.28">
    <system-out><![CDATA[cart updated
add_food_to_cart
]]></system-out>
    <system-err><![CDATA[Starting Microsoft Edge WebDriver 109.0.1518.61 (354b36f96babfabf4b1ee8754f550d1b74ae0d14) on port 24171
To submit feedback, report a bug, or suggest new features, please visit https://github.com/MicrosoftEdge/EdgeWebDriver

Only local connections are allowed.
Please see https://aka.ms/WebDriverSecurity for suggestions on keeping Microsoft Edge WebDriver safe.

Microsoft Edge WebDriver was started successfully.
Jan 26, 2023 5:25:24 PM org.openqa.selenium.devtools.CdpVersionFinder findNearestMatch
WARNING: Unable to find an exact match for CDP version 109, so returning the closest version found: 108
]]></system-err>
  </testcase>
</testsuite>