<?xml version="1.0" encoding="UTF-8"?>
<testng-results ignored="0" total="6" passed="5" failed="1" skipped="0">
  <reporter-output>
  </reporter-output>
  <suite started-at="2023-01-26T16:50:43 GMT-05:00" name="Default suite" finished-at="2023-01-26T16:53:16 GMT-05:00" duration-ms="153741">
    <groups>
      <group name="cucumber">
        <method signature="AbstractTestNGCucumberTests.runScenario(io.cucumber.testng.PickleWrapper,io.cucumber.testng.FeatureWrapper)[pri:0, instance:com.testRunner.TestNG@5afa3c9]" name="runScenario" class="io.cucumber.testng.AbstractTestNGCucumberTests"/>
      </group> <!-- cucumber -->
    </groups>
    <test started-at="2023-01-26T16:50:43 GMT-05:00" name="Default test" finished-at="2023-01-26T16:53:16 GMT-05:00" duration-ms="153741">
      <class name="com.testRunner.TestNG">
        <test-method is-config="true" signature="setUpClass(org.testng.ITestContext)[pri:0, instance:com.testRunner.TestNG@5afa3c9]" started-at="2023-01-26T16:50:43 GMT-05:00" name="setUpClass" finished-at="2023-01-26T16:50:43 GMT-05:00" duration-ms="666" status="PASS">
          <params>
            <param index="0">
              <value>
                <![CDATA[org.testng.TestRunner@4ea56bdb]]>
              </value>
            </param>
          </params>
          <reporter-output>
          </reporter-output>
        </test-method> <!-- setUpClass -->
        <test-method signature="runScenario(io.cucumber.testng.PickleWrapper,io.cucumber.testng.FeatureWrapper)[pri:0, instance:com.testRunner.TestNG@5afa3c9]" started-at="2023-01-26T16:50:44 GMT-05:00" name="runScenario" description="Runs Cucumber Scenarios" data-provider="scenarios" finished-at="2023-01-26T16:51:00 GMT-05:00" duration-ms="16172" status="PASS">
          <params>
            <param index="0">
              <value>
                <![CDATA["Enter the Location"]]>
              </value>
            </param>
            <param index="1">
              <value>
                <![CDATA["Location"]]>
              </value>
            </param>
          </params>
          <reporter-output>
          </reporter-output>
        </test-method> <!-- runScenario -->
        <test-method signature="runScenario(io.cucumber.testng.PickleWrapper,io.cucumber.testng.FeatureWrapper)[pri:0, instance:com.testRunner.TestNG@5afa3c9]" started-at="2023-01-26T16:51:00 GMT-05:00" name="runScenario" description="Runs Cucumber Scenarios" data-provider="scenarios" finished-at="2023-01-26T16:51:14 GMT-05:00" duration-ms="13870" status="FAIL">
          <params>
            <param index="0">
              <value>
                <![CDATA["Update the Location"]]>
              </value>
            </param>
            <param index="1">
              <value>
                <![CDATA["Location"]]>
              </value>
            </param>
          </params>
          <exception class="org.openqa.selenium.StaleElementReferenceException">
            <message>
              <![CDATA[stale element reference: element is not attached to the page document
  (Session info: MicrosoftEdge=109.0.1518.61)
For documentation on this error, please visit: https://selenium.dev/exceptions/#stale_element_reference
Build info: version: '4.7.2', revision: '4d4020c3b7'
System info: os.name: 'Windows 10', os.arch: 'amd64', os.version: '10.0', java.version: '17.0.5'
Driver info: org.openqa.selenium.edge.EdgeDriver
Command: [c8faf2c9acdbda22af5bd24314351042, clickElement {id=2b629755-d1cf-4e5c-92c3-3856098c912c}]
Capabilities {acceptInsecureCerts: false, browserName: msedge, browserVersion: 109.0.1518.61, ms:edgeOptions: {debuggerAddress: localhost:55790}, msedge: {msedgedriverVersion: 109.0.1518.61 (354b36f96bab..., userDataDir: C:\Users\hjyoti\AppData\Loc...}, networkConnectionEnabled: false, pageLoadStrategy: normal, platformName: WINDOWS, proxy: Proxy(), se:cdp: ws://localhost:55790/devtoo..., se:cdpVersion: 109.0.1518.61, setWindowRect: true, strictFileInteractability: false, timeouts: {implicit: 0, pageLoad: 300000, script: 30000}, unhandledPromptBehavior: dismiss and notify, webauthn:extension:credBlob: true, webauthn:extension:largeBlob: true, webauthn:virtualAuthenticators: true}
Element: [[EdgeDriver: msedge on WINDOWS (c8faf2c9acdbda22af5bd24314351042)] -> xpath: //div[@class="J80xC"]]
Session ID: c8faf2c9acdbda22af5bd24314351042]]>
            </message>
            <full-stacktrace>
              <![CDATA[org.openqa.selenium.StaleElementReferenceException: stale element reference: element is not attached to the page document
  (Session info: MicrosoftEdge=109.0.1518.61)
For documentation on this error, please visit: https://selenium.dev/exceptions/#stale_element_reference
Build info: version: '4.7.2', revision: '4d4020c3b7'
System info: os.name: 'Windows 10', os.arch: 'amd64', os.version: '10.0', java.version: '17.0.5'
Driver info: org.openqa.selenium.edge.EdgeDriver
Command: [c8faf2c9acdbda22af5bd24314351042, clickElement {id=2b629755-d1cf-4e5c-92c3-3856098c912c}]
Capabilities {acceptInsecureCerts: false, browserName: msedge, browserVersion: 109.0.1518.61, ms:edgeOptions: {debuggerAddress: localhost:55790}, msedge: {msedgedriverVersion: 109.0.1518.61 (354b36f96bab..., userDataDir: C:\Users\hjyoti\AppData\Loc...}, networkConnectionEnabled: false, pageLoadStrategy: normal, platformName: WINDOWS, proxy: Proxy(), se:cdp: ws://localhost:55790/devtoo..., se:cdpVersion: 109.0.1518.61, setWindowRect: true, strictFileInteractability: false, timeouts: {implicit: 0, pageLoad: 300000, script: 30000}, unhandledPromptBehavior: dismiss and notify, webauthn:extension:credBlob: true, webauthn:extension:largeBlob: true, webauthn:virtualAuthenticators: true}
Element: [[EdgeDriver: msedge on WINDOWS (c8faf2c9acdbda22af5bd24314351042)] -> xpath: //div[@class="J80xC"]]
Session ID: c8faf2c9acdbda22af5bd24314351042
at java.base/jdk.internal.reflect.NativeConstructorAccessorImpl.newInstance0(Native Method)
at java.base/jdk.internal.reflect.NativeConstructorAccessorImpl.newInstance(NativeConstructorAccessorImpl.java:77)
at java.base/jdk.internal.reflect.DelegatingConstructorAccessorImpl.newInstance(DelegatingConstructorAccessorImpl.java:45)
at java.base/java.lang.reflect.Constructor.newInstanceWithCaller(Constructor.java:499)
at java.base/java.lang.reflect.Constructor.newInstance(Constructor.java:480)
at org.openqa.selenium.remote.codec.w3c.W3CHttpResponseCodec.createException(W3CHttpResponseCodec.java:200)
at org.openqa.selenium.remote.codec.w3c.W3CHttpResponseCodec.decode(W3CHttpResponseCodec.java:133)
at org.openqa.selenium.remote.codec.w3c.W3CHttpResponseCodec.decode(W3CHttpResponseCodec.java:53)
at org.openqa.selenium.remote.HttpCommandExecutor.execute(HttpCommandExecutor.java:184)
at org.openqa.selenium.remote.service.DriverCommandExecutor.invokeExecute(DriverCommandExecutor.java:167)
at org.openqa.selenium.remote.service.DriverCommandExecutor.execute(DriverCommandExecutor.java:142)
at org.openqa.selenium.remote.RemoteWebDriver.execute(RemoteWebDriver.java:535)
at org.openqa.selenium.remote.RemoteWebElement.execute(RemoteWebElement.java:257)
at org.openqa.selenium.remote.RemoteWebElement.click(RemoteWebElement.java:78)
at homePage.HomePage.UpdateLocation(HomePage.java:101)
at stepDefinition.Location.i_click_on_the_other_option_in_the_left_upper_side(Location.java:48)
at ✽.I click on the Other option in the left-upper side(file:///C:/Users/hjyoti/eclipse-workspace/SwiggyProject/Features/a_location.feature:32)
]]>
            </full-stacktrace>
          </exception> <!-- org.openqa.selenium.StaleElementReferenceException -->
          <reporter-output>
          </reporter-output>
        </test-method> <!-- runScenario -->
        <test-method signature="runScenario(io.cucumber.testng.PickleWrapper,io.cucumber.testng.FeatureWrapper)[pri:0, instance:com.testRunner.TestNG@5afa3c9]" started-at="2023-01-26T16:51:14 GMT-05:00" name="runScenario" description="Runs Cucumber Scenarios" data-provider="scenarios" finished-at="2023-01-26T16:51:44 GMT-05:00" duration-ms="30447" status="PASS">
          <params>
            <param index="0">
              <value>
                <![CDATA["Search for food"]]>
              </value>
            </param>
            <param index="1">
              <value>
                <![CDATA["dish"]]>
              </value>
            </param>
          </params>
          <reporter-output>
          </reporter-output>
        </test-method> <!-- runScenario -->
        <test-method signature="runScenario(io.cucumber.testng.PickleWrapper,io.cucumber.testng.FeatureWrapper)[pri:0, instance:com.testRunner.TestNG@5afa3c9]" started-at="2023-01-26T16:51:44 GMT-05:00" name="runScenario" description="Runs Cucumber Scenarios" data-provider="scenarios" finished-at="2023-01-26T16:52:14 GMT-05:00" duration-ms="30368" status="PASS">
          <params>
            <param index="0">
              <value>
                <![CDATA["Add the food to the cart"]]>
              </value>
            </param>
            <param index="1">
              <value>
                <![CDATA["dish"]]>
              </value>
            </param>
          </params>
          <reporter-output>
          </reporter-output>
        </test-method> <!-- runScenario -->
        <test-method signature="runScenario(io.cucumber.testng.PickleWrapper,io.cucumber.testng.FeatureWrapper)[pri:0, instance:com.testRunner.TestNG@5afa3c9]" started-at="2023-01-26T16:52:14 GMT-05:00" name="runScenario" description="Runs Cucumber Scenarios" data-provider="scenarios" finished-at="2023-01-26T16:52:45 GMT-05:00" duration-ms="30124" status="PASS">
          <params>
            <param index="0">
              <value>
                <![CDATA["Delete the item in the cart"]]>
              </value>
            </param>
            <param index="1">
              <value>
                <![CDATA["Delete and Update the cart"]]>
              </value>
            </param>
          </params>
          <reporter-output>
          </reporter-output>
        </test-method> <!-- runScenario -->
        <test-method signature="runScenario(io.cucumber.testng.PickleWrapper,io.cucumber.testng.FeatureWrapper)[pri:0, instance:com.testRunner.TestNG@5afa3c9]" started-at="2023-01-26T16:52:45 GMT-05:00" name="runScenario" description="Runs Cucumber Scenarios" data-provider="scenarios" finished-at="2023-01-26T16:53:16 GMT-05:00" duration-ms="31880" status="PASS">
          <params>
            <param index="0">
              <value>
                <![CDATA["Update the item in the cart"]]>
              </value>
            </param>
            <param index="1">
              <value>
                <![CDATA["Delete and Update the cart"]]>
              </value>
            </param>
          </params>
          <reporter-output>
          </reporter-output>
        </test-method> <!-- runScenario -->
        <test-method is-config="true" signature="tearDownClass()[pri:0, instance:com.testRunner.TestNG@5afa3c9]" started-at="2023-01-26T16:53:16 GMT-05:00" name="tearDownClass" finished-at="2023-01-26T16:53:16 GMT-05:00" duration-ms="22" status="PASS">
          <reporter-output>
          </reporter-output>
        </test-method> <!-- tearDownClass -->
      </class> <!-- com.testRunner.TestNG -->
    </test> <!-- Default test -->
  </suite> <!-- Default suite -->
</testng-results>
